<?xml version="1.0" encoding="UTF-8"?>
<!-- Generated by org.testng.reporters.JUnitReportReporter -->
<testsuite hostname="kalyan" name="com.codespace.googleapps.auth.UtilBeansTEst" tests="1" failures="0" timestamp="4 Feb 2016 04:19:39 GMT" time="0.075" errors="0">
  <testcase name="getUtilBeans" time="0.075" classname="com.codespace.googleapps.auth.UtilBeansTEst"/>
</testsuite> <!-- com.codespace.googleapps.auth.UtilBeansTEst -->
